<?xml version="1.0" encoding="UTF-8"?>
<Site BuildName="(empty)"
	BuildStamp="20231219-1959-Experimental"
	Name="(empty)"
	Generator="ctest-3.27.8"
	CompilerName=""
	CompilerVersion=""
	OSName="macOS"
	Hostname="MacBook-Air-Dominik.local"
	OSRelease="14.1.1"
	OSVersion="23B81"
	OSPlatform="arm64"
	Is64Bits="1"
	VendorString="IBM"
	VendorID="IBM"
	FamilyID="16777228"
	ModelID="2"
	ProcessorCacheSize="131072"
	NumberOfLogicalCPU="8"
	NumberOfPhysicalCPU="8"
	TotalVirtualMemory="1024"
	TotalPhysicalMemory="16384"
	LogicalProcessorsPerPhysical="8"
	ProcessorClockFrequency="0"
	>
	<Testing>
		<StartDateTime>Dec 19 21:02 CET</StartDateTime>
		<StartTestTime>1703016131</StartTestTime>
		<TestList/>
		<EndDateTime>Dec 19 21:02 CET</EndDateTime>
		<EndTestTime>1703016131</EndTestTime>
		<ElapsedMinutes>0</ElapsedMinutes>
	</Testing>
</Site>
